<?xml version="1.0" encoding="UTF-8"?>
<testsuite xmlns:xsi="http://www.w3.org/2001/XMLSchema-instance" xsi:noNamespaceSchemaLocation="https://maven.apache.org/surefire/maven-surefire-plugin/xsd/surefire-test-report.xsd" version="3.0.2" name="com.dbtraining.reconx.controller.TradeListEndpointTest" time="6.647" tests="4" errors="0" skipped="0" failures="0">
  <properties>
[...]
</properties>
  <testcase name="paginatesOverHttp" classname="com.dbtraining.reconx.controller.TradeListEndpointTest" time="0.566">
    <system-out><![CDATA[16:49:54.749 [main] INFO org.springframework.test.context.support.AnnotationConfigContextLoaderUtils -- Could not detect default configuration classes for test class [com.dbtraining.reconx.controller.TradeListEndpointTest]: TradeListEndpointTest does not declare any static, non-private, non-final, nested classes annotated with @Configuration.
16:49:54.841 [main] INFO org.springframework.boot.test.context.SpringBootTestContextBootstrapper -- Found @SpringBootConfiguration com.dbtraining.reconx.ReconxApplication for test class com.dbtraining.reconx.controller.TradeListEndpointTest

  .   ____          _            __ _ _
 /\\ / ___'_ __ _ _(_)_ __  __ _ \ \ \ \
( ( )\___ | '_ | '_| | '_ \/ _` | \ \ \ \
 \\/  ___)| |_)| | | | | || (_| |  ) ) ) )
  '  |____| .__|_| |_|_| |_\__, | / / / /
 =========|_|==============|___/=/_/_/_/

 :: Spring Boot ::                (v3.5.0)

16:49:55.113 [background-preinit] INFO    o.h.validator.internal.util.Version - HV000001: Hibernate Validator 8.0.2.Final
16:49:55.144 [main] INFO    c.d.r.c.TradeListEndpointTest - Starting TradeListEndpointTest using Java 23.0.2 with PID 95396 (started by spopa in /Users/spopa/Documents/Project Training Online/New Project/db2026-reconX-day3solved-main/backend)
16:49:55.144 [main] DEBUG   c.d.r.c.TradeListEndpointTest - Running with Spring Boot v3.5.0, Spring v6.2.7
16:49:55.144 [main] INFO    c.d.r.c.TradeListEndpointTest - The following 1 profile is active: "dev"
16:49:55.726 [main] INFO    o.s.d.r.c.RepositoryConfigurationDelegate - Bootstrapping Spring Data JPA repositories in DEFAULT mode.
16:49:55.757 [main] INFO    o.s.d.r.c.RepositoryConfigurationDelegate - Finished Spring Data repository scanning in 26 ms. Found 6 JPA repository interfaces.
16:49:56.161 [main] INFO    o.s.b.w.e.tomcat.TomcatWebServer - Tomcat initialized with port 0 (http)
16:49:56.171 [main] INFO    o.a.coyote.http11.Http11NioProtocol - Initializing ProtocolHandler ["http-nio-auto-1"]
16:49:56.172 [main] INFO    o.a.catalina.core.StandardService - Starting service [Tomcat]
16:49:56.172 [main] INFO    o.a.catalina.core.StandardEngine - Starting Servlet engine: [Apache Tomcat/10.1.41]
16:49:56.198 [main] INFO    o.a.c.c.C.[.[localhost].[/api] - Initializing Spring embedded WebApplicationContext
16:49:56.199 [main] INFO    o.s.b.w.s.c.ServletWebServerApplicationContext - Root WebApplicationContext: initialization completed in 1044 ms
16:49:56.282 [main] DEBUG   c.d.r.s.JwtAuthenticationFilter - Filter 'jwtAuthenticationFilter' configured for use
16:49:56.369 [main] INFO    com.zaxxer.hikari.HikariDataSource - HikariPool-1 - Starting...
16:49:56.522 [main] INFO    com.zaxxer.hikari.pool.HikariPool - HikariPool-1 - Added connection conn0: url=jdbc:h2:mem:reconx-endpoint user=SA
16:49:56.522 [main] INFO    com.zaxxer.hikari.HikariDataSource - HikariPool-1 - Start completed.
16:49:56.566 [main] INFO    liquibase.database - Set default schema name to public
16:49:56.754 [main] INFO    liquibase.changelog - Creating database history table with name: public.DATABASECHANGELOG
16:49:56.796 [main] INFO    liquibase.changelog - Reading from public.DATABASECHANGELOG
16:49:56.851 [main] INFO    liquibase.snapshot - Creating snapshot
16:49:56.907 [main] INFO    liquibase.lockservice - Successfully acquired change log lock
16:49:56.907 [main] INFO    liquibase.command - Using deploymentId: 5160196357
16:49:56.908 [main] INFO    liquibase.changelog - Reading from public.DATABASECHANGELOG
16:49:56.925 [main] INFO    liquibase.ui - Running Changeset: db/changelog/changes/001-init.xml::001-init-tag::trainer
16:49:56.926 [main] INFO    liquibase.changelog - Tag 'v1.0.0-init' applied to database
16:49:56.926 [main] INFO    liquibase.changelog - ChangeSet db/changelog/changes/001-init.xml::001-init-tag::trainer ran successfully in 0ms
16:49:56.929 [main] INFO    liquibase.ui - Running Changeset: db/changelog/changes/002-schema.xml::002-create-counterparties::trainer
16:49:56.932 [main] INFO    liquibase.changelog - Table counterparties created
16:49:56.932 [main] INFO    liquibase.changelog - ChangeSet db/changelog/changes/002-schema.xml::002-create-counterparties::trainer ran successfully in 3ms
16:49:56.934 [main] INFO    liquibase.ui - Running Changeset: db/changelog/changes/002-schema.xml::002-create-instruments::trainer
16:49:56.935 [main] INFO    liquibase.changelog - Table instruments created
16:49:56.936 [main] INFO    liquibase.changelog - ChangeSet db/changelog/changes/002-schema.xml::002-create-instruments::trainer ran successfully in 1ms
16:49:56.937 [main] INFO    liquibase.ui - Running Changeset: db/changelog/changes/002-schema.xml::002-create-trades::trainer
16:49:56.939 [main] INFO    liquibase.changelog - Table trades created
16:49:56.942 [main] INFO    liquibase.changelog - Foreign key constraint added to trades (instrument_id)
16:49:56.943 [main] INFO    liquibase.changelog - Foreign key constraint added to trades (counterparty_id)
16:49:56.943 [main] INFO    liquibase.changelog - Index idx_trades_trade_date created
16:49:56.944 [main] INFO    liquibase.changelog - Index idx_trades_status created
16:49:56.944 [main] INFO    liquibase.changelog - ChangeSet db/changelog/changes/002-schema.xml::002-create-trades::trainer ran successfully in 7ms
16:49:56.945 [main] INFO    liquibase.ui - Running Changeset: db/changelog/changes/002-schema.xml::002-create-settlements::trainer
16:49:56.947 [main] INFO    liquibase.changelog - Table settlements created
16:49:56.947 [main] INFO    liquibase.changelog - Foreign key constraint added to settlements (trade_id)
16:49:56.948 [main] INFO    liquibase.changelog - ChangeSet db/changelog/changes/002-schema.xml::002-create-settlements::trainer ran successfully in 2ms
16:49:56.948 [main] INFO    liquibase.ui - Running Changeset: db/changelog/changes/003-jsonb.xml::003-jsonb-on-instruments::trainer
16:49:56.949 [main] INFO    liquibase.changelog - Marking ChangeSet: "db/changelog/changes/003-jsonb.xml::003-jsonb-on-instruments::trainer" as ran despite precondition failure due to onFail='MARK_RAN': 
          db/changelog/db.changelog-master.xml : DBMS Precondition failed: expected postgresql, got h2

16:49:56.950 [main] INFO    liquibase.ui - Running Changeset: db/changelog/changes/004-partitioning.xml::004-trades-drop-nonpartitioned::student
16:49:56.950 [main] INFO    liquibase.changelog - Marking ChangeSet: "db/changelog/changes/004-partitioning.xml::004-trades-drop-nonpartitioned::student" as ran despite precondition failure due to onFail='MARK_RAN': 
          db/changelog/db.changelog-master.xml : DBMS Precondition failed: expected postgresql, got h2

16:49:56.951 [main] INFO    liquibase.ui - Running Changeset: db/changelog/changes/004-partitioning.xml::004-trades-partitioned-parent::student
16:49:56.951 [main] INFO    liquibase.changelog - Marking ChangeSet: "db/changelog/changes/004-partitioning.xml::004-trades-partitioned-parent::student" as ran despite precondition failure due to onFail='MARK_RAN': 
          db/changelog/db.changelog-master.xml : DBMS Precondition failed: expected postgresql, got h2

16:49:56.952 [main] INFO    liquibase.ui - Running Changeset: db/changelog/changes/004-partitioning.xml::004-trades-monthly-partitions::student
16:49:56.952 [main] INFO    liquibase.changelog - Marking ChangeSet: "db/changelog/changes/004-partitioning.xml::004-trades-monthly-partitions::student" as ran despite precondition failure due to onFail='MARK_RAN': 
          db/changelog/db.changelog-master.xml : DBMS Precondition failed: expected postgresql, got h2

16:49:56.953 [main] INFO    liquibase.ui - Running Changeset: db/changelog/changes/005-mat-views.xml::005-mv-daily-recon-summary::trainer
16:49:56.953 [main] INFO    liquibase.changelog - Marking ChangeSet: "db/changelog/changes/005-mat-views.xml::005-mv-daily-recon-summary::trainer" as ran despite precondition failure due to onFail='MARK_RAN': 
          db/changelog/db.changelog-master.xml : DBMS Precondition failed: expected postgresql, got h2

16:49:56.954 [main] INFO    liquibase.ui - Running Changeset: db/changelog/changes/006-audit-and-recon.xml::006-create-audit-log::trainer
16:49:56.958 [main] INFO    liquibase.changelog - Table audit_log created
16:49:56.958 [main] INFO    liquibase.changelog - Index idx_audit_log_trade_ref created
16:49:56.958 [main] INFO    liquibase.changelog - ChangeSet db/changelog/changes/006-audit-and-recon.xml::006-create-audit-log::trainer ran successfully in 4ms
16:49:56.959 [main] INFO    liquibase.ui - Running Changeset: db/changelog/changes/006-audit-and-recon.xml::006-create-recon-breaks::trainer
16:49:56.960 [main] INFO    liquibase.changelog - Table recon_breaks created
16:49:56.960 [main] INFO    liquibase.changelog - ChangeSet db/changelog/changes/006-audit-and-recon.xml::006-create-recon-breaks::trainer ran successfully in 1ms
16:49:56.961 [main] INFO    liquibase.ui - Running Changeset: db/changelog/changes/006-audit-and-recon.xml::006-add-recon-breaks-fk-nonpartitioned::trainer
16:49:56.962 [main] INFO    liquibase.snapshot - Creating snapshot
16:49:56.963 [main] INFO    liquibase.changelog - Foreign key constraint added to recon_breaks (trade_id)
16:49:56.963 [main] INFO    liquibase.changelog - ChangeSet db/changelog/changes/006-audit-and-recon.xml::006-add-recon-breaks-fk-nonpartitioned::trainer ran successfully in 2ms
16:49:56.965 [main] INFO    liquibase.ui - Running Changeset: db/changelog/changes/006-audit-and-recon.xml::006-create-recon-jobs::trainer
16:49:56.966 [main] INFO    liquibase.changelog - Table recon_jobs created
16:49:56.967 [main] INFO    liquibase.changelog - ChangeSet db/changelog/changes/006-audit-and-recon.xml::006-create-recon-jobs::trainer ran successfully in 2ms
16:49:56.967 [main] INFO    liquibase.ui - Running Changeset: db/changelog/changes/007-users-rbac.xml::007-create-users::trainer
16:49:56.969 [main] INFO    liquibase.changelog - Table users created
16:49:56.969 [main] INFO    liquibase.changelog - ChangeSet db/changelog/changes/007-users-rbac.xml::007-create-users::trainer ran successfully in 1ms
16:49:56.970 [main] INFO    liquibase.ui - Running Changeset: db/changelog/changes/008-seed.xml::008-seed-counterparties::trainer
16:49:56.977 [main] INFO    liquibase.statement - Executing JDBC DML batch was successful. 10 operations were executed, 1 individual UPDATE events were confirmed by the database.
16:49:56.978 [main] INFO    liquibase.changelog - Data loaded from 'data/counterparties.csv' into table 'counterparties'
16:49:56.978 [main] INFO    liquibase.changelog - ChangeSet db/changelog/changes/008-seed.xml::008-seed-counterparties::trainer ran successfully in 8ms
16:49:56.979 [main] INFO    liquibase.ui - Running Changeset: db/changelog/changes/008-seed.xml::008-seed-instruments::trainer
16:49:56.981 [main] INFO    liquibase.statement - Using java.sql.Types.NULL to set null value for type STRING
16:49:56.981 [main] INFO    liquibase.statement - Using java.sql.Types.NULL to set null value for type STRING
16:49:56.981 [main] INFO    liquibase.statement - Using java.sql.Types.NULL to set null value for type STRING
16:49:56.982 [main] INFO    liquibase.statement - Executing JDBC DML batch was successful. 15 operations were executed, 1 individual UPDATE events were confirmed by the database.
16:49:56.982 [main] INFO    liquibase.changelog - Data loaded from 'data/instruments.csv' into table 'instruments'
16:49:56.982 [main] INFO    liquibase.changelog - ChangeSet db/changelog/changes/008-seed.xml::008-seed-instruments::trainer ran successfully in 3ms
16:49:56.983 [main] INFO    liquibase.ui - Running Changeset: db/changelog/changes/008-seed.xml::008-seed-users::trainer
16:49:56.984 [main] INFO    liquibase.changelog - New row inserted into users
16:49:56.985 [main] INFO    liquibase.changelog - New row inserted into users
16:49:56.985 [main] INFO    liquibase.changelog - New row inserted into users
16:49:56.985 [main] INFO    liquibase.changelog - New row inserted into users
16:49:56.985 [main] INFO    liquibase.changelog - ChangeSet db/changelog/changes/008-seed.xml::008-seed-users::trainer ran successfully in 2ms
16:49:56.990 [main] INFO    liquibase.util - UPDATE SUMMARY
16:49:56.991 [main] INFO    liquibase.util - Run:                         18
16:49:56.991 [main] INFO    liquibase.util - Previously run:               0
16:49:56.991 [main] INFO    liquibase.util - Filtered out:                 0
16:49:56.991 [main] INFO    liquibase.util - -------------------------------
16:49:56.991 [main] INFO    liquibase.util - Total change sets:           18
16:49:56.991 [main] INFO    liquibase.util - Update summary generated
16:49:56.992 [main] INFO    liquibase.command - Update command completed successfully.
16:49:56.992 [main] INFO    liquibase.ui - Liquibase: Update has been successful. Rows affected: 22
16:49:56.993 [main] INFO    liquibase.lockservice - Successfully released change log lock
16:49:56.993 [main] INFO    liquibase.command - Command execution complete
16:49:58.581 [main] INFO    o.h.jpa.internal.util.LogHelper - HHH000204: Processing PersistenceUnitInfo [name: default]
16:49:58.617 [main] INFO    org.hibernate.Version - HHH000412: Hibernate ORM core version 6.6.15.Final
16:49:58.635 [main] INFO    o.h.c.i.RegionFactoryInitiator - HHH000026: Second-level cache disabled
16:49:58.683 [main] INFO    o.h.e.b.internal.EnversServiceImpl - Envers integration enabled? : true
16:49:58.708 [main] WARN    org.hibernate.orm.deprecation - HHH90000025: H2Dialect does not need to be specified explicitly using 'hibernate.dialect' (remove the property setting and it will be selected by default)
16:49:58.714 [main] INFO    o.hibernate.orm.connections.pooling - HHH10001005: Database info:
	Database JDBC URL [Connecting through datasource 'HikariDataSource (HikariPool-1)']
	Database driver: undefined/unknown
	Database version: 2.3.232
	Autocommit mode: undefined/unknown
	Isolation level: undefined/unknown
	Minimum pool size: undefined/unknown
	Maximum pool size: undefined/unknown
16:49:58.816 [main] INFO    o.s.o.j.p.SpringPersistenceUnitInfo - No LoadTimeWeaver setup: ignoring JPA class transformer
16:49:59.500 [main] INFO    o.h.e.t.j.p.i.JtaPlatformInitiator - HHH000489: No JTA platform available (set 'hibernate.transaction.jta.platform' to enable JTA platform integration)
16:49:59.515 [main] INFO    o.s.o.j.LocalContainerEntityManagerFactoryBean - Initialized JPA EntityManagerFactory for persistence unit 'default'
16:49:59.699 [main] INFO    o.s.d.j.r.query.QueryEnhancerFactory - Hibernate is in classpath; If applicable, HQL parser will be used.
16:50:00.251 [main] WARN    o.s.b.a.s.s.UserDetailsServiceAutoConfiguration - 

Using generated security password: 1a63f330-b957-4657-959d-f6793489f5c3

This generated password is for development use only. Your security configuration must be updated before running your application in production.

16:50:00.255 [main] INFO    o.s.s.c.a.a.c.InitializeUserDetailsBeanManagerConfigurer$InitializeUserDetailsManagerConfigurer - Global AuthenticationManager configured with UserDetailsService bean with name inMemoryUserDetailsManager
16:50:00.552 [main] WARN    i.m.c.i.b.cache.CaffeineCacheMetrics - The cache 'instruments' is not recording statistics. No meters except 'cache.size' will be registered. Call 'Caffeine#recordStats()' prior to building the cache for metrics to be recorded.
16:50:00.553 [main] WARN    i.m.c.i.b.cache.CaffeineCacheMetrics - The cache 'counterparties' is not recording statistics. No meters except 'cache.size' will be registered. Call 'Caffeine#recordStats()' prior to building the cache for metrics to be recorded.
16:50:00.574 [main] INFO    o.s.b.a.h.H2ConsoleAutoConfiguration - H2 console available at '/h2'. Database available at 'jdbc:h2:mem:reconx-endpoint'
16:50:00.600 [main] INFO    o.s.b.a.e.web.EndpointLinksResolver - Exposing 5 endpoints beneath base path '/actuator'
16:50:00.660 [main] INFO    o.a.coyote.http11.Http11NioProtocol - Starting ProtocolHandler ["http-nio-auto-1"]
16:50:00.666 [main] INFO    o.s.b.w.e.tomcat.TomcatWebServer - Tomcat started on port 51593 (http) with context path '/api'
16:50:00.679 [main] INFO    c.d.r.c.TradeListEndpointTest - Started TradeListEndpointTest in 5.754 seconds (process running for 6.424)
16:50:01.137 [http-nio-auto-1-exec-1] INFO    o.a.c.c.C.[.[localhost].[/api] - Initializing Spring DispatcherServlet 'dispatcherServlet'
16:50:01.137 [http-nio-auto-1-exec-1] INFO    o.s.web.servlet.DispatcherServlet - Initializing Servlet 'dispatcherServlet'
16:50:01.137 [http-nio-auto-1-exec-1] INFO    o.s.web.servlet.DispatcherServlet - Completed initialization in 0 ms
]]></system-out>
    <system-err><![CDATA[Mockito is currently self-attaching to enable the inline-mock-maker. This will no longer work in future releases of the JDK. Please add Mockito as an agent to your build as described in Mockito's documentation: https://javadoc.io/doc/org.mockito/mockito-core/latest/org.mockito/org/mockito/Mockito.html#0.3
WARNING: A Java agent has been loaded dynamically (/Users/spopa/.m2/repository/net/bytebuddy/byte-buddy-agent/1.17.5/byte-buddy-agent-1.17.5.jar)
WARNING: If a serviceability tool is in use, please run with -XX:+EnableDynamicAgentLoading to hide this warning
WARNING: If a serviceability tool is not in use, please run with -Djdk.instrument.traceUsage for more information
WARNING: Dynamic loading of agents will be disallowed by default in a future release
]]></system-err>
  </testcase>
  <testcase name="defaultSortIsTradeDateDesc" classname="com.dbtraining.reconx.controller.TradeListEndpointTest" time="0.017"/>
  <testcase name="filtersApplyOverHttp" classname="com.dbtraining.reconx.controller.TradeListEndpointTest" time="0.027"/>
  <testcase name="returnsMappedItems_withoutLazyInitialisationError" classname="com.dbtraining.reconx.controller.TradeListEndpointTest" time="0.018"/>
</testsuite>