<?xml version="1.0" encoding="UTF-8"?>
<testsuite xmlns:xsi="http://www.w3.org/2001/XMLSchema-instance" xsi:noNamespaceSchemaLocation="https://maven.apache.org/surefire/maven-surefire-plugin/xsd/surefire-test-report.xsd" version="3.0.2" name="com.dbtraining.reconx.service.TradeListPaginationTest" time="0.582" tests="8" errors="0" skipped="0" failures="0">
  <properties>
[...]
</properties>
  <testcase name="dateRangeFilter_isInclusiveOnBothBounds" classname="com.dbtraining.reconx.service.TradeListPaginationTest" time="0.026">
    <system-out><![CDATA[2026-07-27T16:10:49.080+03:00  INFO 94305 --- [reconx] [           main] [] []t.c.s.AnnotationConfigContextLoaderUtils : Could not detect default configuration classes for test class [com.dbtraining.reconx.service.TradeListPaginationTest]: TradeListPaginationTest does not declare any static, non-private, non-final, nested classes annotated with @Configuration.
2026-07-27T16:10:49.083+03:00  INFO 94305 --- [reconx] [           main] [] [].b.t.c.SpringBootTestContextBootstrapper : Found @SpringBootConfiguration com.dbtraining.reconx.ReconxApplication for test class com.dbtraining.reconx.service.TradeListPaginationTest

  .   ____          _            __ _ _
 /\\ / ___'_ __ _ _(_)_ __  __ _ \ \ \ \
( ( )\___ | '_ | '_| | '_ \/ _` | \ \ \ \
 \\/  ___)| |_)| | | | | || (_| |  ) ) ) )
  '  |____| .__|_| |_|_| |_\__, | / / / /
 =========|_|==============|___/=/_/_/_/

 :: Spring Boot ::                (v3.5.0)

2026-07-27T16:10:49.099+03:00  INFO 94305 --- [reconx] [           main] [] []c.d.r.service.TradeListPaginationTest    : Starting TradeListPaginationTest using Java 23.0.2 with PID 94305 (started by spopa in /Users/spopa/Documents/Project Training Online/New Project/db2026-reconX-day3solved-main/backend)
2026-07-27T16:10:49.099+03:00 DEBUG 94305 --- [reconx] [           main] [] []c.d.r.service.TradeListPaginationTest    : Running with Spring Boot v3.5.0, Spring v6.2.7
2026-07-27T16:10:49.099+03:00  INFO 94305 --- [reconx] [           main] [] []c.d.r.service.TradeListPaginationTest    : The following 1 profile is active: "dev"
2026-07-27T16:10:49.192+03:00  INFO 94305 --- [reconx] [           main] [] [].s.d.r.c.RepositoryConfigurationDelegate : Bootstrapping Spring Data JPA repositories in DEFAULT mode.
2026-07-27T16:10:49.198+03:00  INFO 94305 --- [reconx] [           main] [] [].s.d.r.c.RepositoryConfigurationDelegate : Finished Spring Data repository scanning in 4 ms. Found 6 JPA repository interfaces.
2026-07-27T16:10:49.230+03:00  INFO 94305 --- [reconx] [           main] [] []com.zaxxer.hikari.HikariDataSource       : HikariPool-2 - Starting...
2026-07-27T16:10:49.232+03:00  INFO 94305 --- [reconx] [           main] [] []com.zaxxer.hikari.pool.HikariPool        : HikariPool-2 - Added connection conn10: url=jdbc:h2:mem:reconx-pagination user=SA
2026-07-27T16:10:49.232+03:00  INFO 94305 --- [reconx] [           main] [] []com.zaxxer.hikari.HikariDataSource       : HikariPool-2 - Start completed.
2026-07-27T16:10:49.232+03:00  INFO 94305 --- [reconx] [           main] [] []liquibase.database                       : Set default schema name to public
2026-07-27T16:10:49.244+03:00  INFO 94305 --- [reconx] [           main] [] []liquibase.changelog                      : Creating database history table with name: public.DATABASECHANGELOG
2026-07-27T16:10:49.246+03:00  INFO 94305 --- [reconx] [           main] [] []liquibase.changelog                      : Reading from public.DATABASECHANGELOG
2026-07-27T16:10:49.273+03:00  INFO 94305 --- [reconx] [           main] [] []liquibase.snapshot                       : Creating snapshot
2026-07-27T16:10:49.282+03:00  INFO 94305 --- [reconx] [           main] [] []liquibase.lockservice                    : Successfully acquired change log lock
2026-07-27T16:10:49.282+03:00  INFO 94305 --- [reconx] [           main] [] []liquibase.command                        : Using deploymentId: 5157844991
2026-07-27T16:10:49.283+03:00  INFO 94305 --- [reconx] [           main] [] []liquibase.changelog                      : Reading from public.DATABASECHANGELOG
2026-07-27T16:10:49.287+03:00  INFO 94305 --- [reconx] [           main] [] []liquibase.ui                             : Running Changeset: db/changelog/changes/001-init.xml::001-init-tag::trainer
2026-07-27T16:10:49.287+03:00  INFO 94305 --- [reconx] [           main] [] []liquibase.changelog                      : Tag 'v1.0.0-init' applied to database
2026-07-27T16:10:49.287+03:00  INFO 94305 --- [reconx] [           main] [] []liquibase.changelog                      : ChangeSet db/changelog/changes/001-init.xml::001-init-tag::trainer ran successfully in 0ms
2026-07-27T16:10:49.289+03:00  INFO 94305 --- [reconx] [           main] [] []liquibase.ui                             : Running Changeset: db/changelog/changes/002-schema.xml::002-create-counterparties::trainer
2026-07-27T16:10:49.290+03:00  INFO 94305 --- [reconx] [           main] [] []liquibase.changelog                      : Table counterparties created
2026-07-27T16:10:49.290+03:00  INFO 94305 --- [reconx] [           main] [] []liquibase.changelog                      : ChangeSet db/changelog/changes/002-schema.xml::002-create-counterparties::trainer ran successfully in 1ms
2026-07-27T16:10:49.291+03:00  INFO 94305 --- [reconx] [           main] [] []liquibase.ui                             : Running Changeset: db/changelog/changes/002-schema.xml::002-create-instruments::trainer
2026-07-27T16:10:49.292+03:00  INFO 94305 --- [reconx] [           main] [] []liquibase.changelog                      : Table instruments created
2026-07-27T16:10:49.292+03:00  INFO 94305 --- [reconx] [           main] [] []liquibase.changelog                      : ChangeSet db/changelog/changes/002-schema.xml::002-create-instruments::trainer ran successfully in 1ms
2026-07-27T16:10:49.293+03:00  INFO 94305 --- [reconx] [           main] [] []liquibase.ui                             : Running Changeset: db/changelog/changes/002-schema.xml::002-create-trades::trainer
2026-07-27T16:10:49.294+03:00  INFO 94305 --- [reconx] [           main] [] []liquibase.changelog                      : Table trades created
2026-07-27T16:10:49.295+03:00  INFO 94305 --- [reconx] [           main] [] []liquibase.changelog                      : Foreign key constraint added to trades (instrument_id)
2026-07-27T16:10:49.296+03:00  INFO 94305 --- [reconx] [           main] [] []liquibase.changelog                      : Foreign key constraint added to trades (counterparty_id)
2026-07-27T16:10:49.296+03:00  INFO 94305 --- [reconx] [           main] [] []liquibase.changelog                      : Index idx_trades_trade_date created
2026-07-27T16:10:49.296+03:00  INFO 94305 --- [reconx] [           main] [] []liquibase.changelog                      : Index idx_trades_status created
2026-07-27T16:10:49.296+03:00  INFO 94305 --- [reconx] [           main] [] []liquibase.changelog                      : ChangeSet db/changelog/changes/002-schema.xml::002-create-trades::trainer ran successfully in 3ms
2026-07-27T16:10:49.297+03:00  INFO 94305 --- [reconx] [           main] [] []liquibase.ui                             : Running Changeset: db/changelog/changes/002-schema.xml::002-create-settlements::trainer
2026-07-27T16:10:49.298+03:00  INFO 94305 --- [reconx] [           main] [] []liquibase.changelog                      : Table settlements created
2026-07-27T16:10:49.299+03:00  INFO 94305 --- [reconx] [           main] [] []liquibase.changelog                      : Foreign key constraint added to settlements (trade_id)
2026-07-27T16:10:49.299+03:00  INFO 94305 --- [reconx] [           main] [] []liquibase.changelog                      : ChangeSet db/changelog/changes/002-schema.xml::002-create-settlements::trainer ran successfully in 2ms
2026-07-27T16:10:49.299+03:00  INFO 94305 --- [reconx] [           main] [] []liquibase.ui                             : Running Changeset: db/changelog/changes/003-jsonb.xml::003-jsonb-on-instruments::trainer
2026-07-27T16:10:49.299+03:00  INFO 94305 --- [reconx] [           main] [] []liquibase.changelog                      : Marking ChangeSet: "db/changelog/changes/003-jsonb.xml::003-jsonb-on-instruments::trainer" as ran despite precondition failure due to onFail='MARK_RAN': 
          db/changelog/db.changelog-master.xml : DBMS Precondition failed: expected postgresql, got h2

2026-07-27T16:10:49.300+03:00  INFO 94305 --- [reconx] [           main] [] []liquibase.ui                             : Running Changeset: db/changelog/changes/004-partitioning.xml::004-trades-drop-nonpartitioned::student
2026-07-27T16:10:49.300+03:00  INFO 94305 --- [reconx] [           main] [] []liquibase.changelog                      : Marking ChangeSet: "db/changelog/changes/004-partitioning.xml::004-trades-drop-nonpartitioned::student" as ran despite precondition failure due to onFail='MARK_RAN': 
          db/changelog/db.changelog-master.xml : DBMS Precondition failed: expected postgresql, got h2

2026-07-27T16:10:49.300+03:00  INFO 94305 --- [reconx] [           main] [] []liquibase.ui                             : Running Changeset: db/changelog/changes/004-partitioning.xml::004-trades-partitioned-parent::student
2026-07-27T16:10:49.301+03:00  INFO 94305 --- [reconx] [           main] [] []liquibase.changelog                      : Marking ChangeSet: "db/changelog/changes/004-partitioning.xml::004-trades-partitioned-parent::student" as ran despite precondition failure due to onFail='MARK_RAN': 
          db/changelog/db.changelog-master.xml : DBMS Precondition failed: expected postgresql, got h2

2026-07-27T16:10:49.301+03:00  INFO 94305 --- [reconx] [           main] [] []liquibase.ui                             : Running Changeset: db/changelog/changes/004-partitioning.xml::004-trades-monthly-partitions::student
2026-07-27T16:10:49.301+03:00  INFO 94305 --- [reconx] [           main] [] []liquibase.changelog                      : Marking ChangeSet: "db/changelog/changes/004-partitioning.xml::004-trades-monthly-partitions::student" as ran despite precondition failure due to onFail='MARK_RAN': 
          db/changelog/db.changelog-master.xml : DBMS Precondition failed: expected postgresql, got h2

2026-07-27T16:10:49.302+03:00  INFO 94305 --- [reconx] [           main] [] []liquibase.ui                             : Running Changeset: db/changelog/changes/005-mat-views.xml::005-mv-daily-recon-summary::trainer
2026-07-27T16:10:49.302+03:00  INFO 94305 --- [reconx] [           main] [] []liquibase.changelog                      : Marking ChangeSet: "db/changelog/changes/005-mat-views.xml::005-mv-daily-recon-summary::trainer" as ran despite precondition failure due to onFail='MARK_RAN': 
          db/changelog/db.changelog-master.xml : DBMS Precondition failed: expected postgresql, got h2

2026-07-27T16:10:49.302+03:00  INFO 94305 --- [reconx] [           main] [] []liquibase.ui                             : Running Changeset: db/changelog/changes/006-audit-and-recon.xml::006-create-audit-log::trainer
2026-07-27T16:10:49.303+03:00  INFO 94305 --- [reconx] [           main] [] []liquibase.changelog                      : Table audit_log created
2026-07-27T16:10:49.304+03:00  INFO 94305 --- [reconx] [           main] [] []liquibase.changelog                      : Index idx_audit_log_trade_ref created
2026-07-27T16:10:49.304+03:00  INFO 94305 --- [reconx] [           main] [] []liquibase.changelog                      : ChangeSet db/changelog/changes/006-audit-and-recon.xml::006-create-audit-log::trainer ran successfully in 2ms
2026-07-27T16:10:49.305+03:00  INFO 94305 --- [reconx] [           main] [] []liquibase.ui                             : Running Changeset: db/changelog/changes/006-audit-and-recon.xml::006-create-recon-breaks::trainer
2026-07-27T16:10:49.305+03:00  INFO 94305 --- [reconx] [           main] [] []liquibase.changelog                      : Table recon_breaks created
2026-07-27T16:10:49.306+03:00  INFO 94305 --- [reconx] [           main] [] []liquibase.changelog                      : ChangeSet db/changelog/changes/006-audit-and-recon.xml::006-create-recon-breaks::trainer ran successfully in 1ms
2026-07-27T16:10:49.306+03:00  INFO 94305 --- [reconx] [           main] [] []liquibase.ui                             : Running Changeset: db/changelog/changes/006-audit-and-recon.xml::006-add-recon-breaks-fk-nonpartitioned::trainer
2026-07-27T16:10:49.306+03:00  INFO 94305 --- [reconx] [           main] [] []liquibase.snapshot                       : Creating snapshot
2026-07-27T16:10:49.308+03:00  INFO 94305 --- [reconx] [           main] [] []liquibase.changelog                      : Foreign key constraint added to recon_breaks (trade_id)
2026-07-27T16:10:49.308+03:00  INFO 94305 --- [reconx] [           main] [] []liquibase.changelog                      : ChangeSet db/changelog/changes/006-audit-and-recon.xml::006-add-recon-breaks-fk-nonpartitioned::trainer ran successfully in 2ms
2026-07-27T16:10:49.308+03:00  INFO 94305 --- [reconx] [           main] [] []liquibase.ui                             : Running Changeset: db/changelog/changes/006-audit-and-recon.xml::006-create-recon-jobs::trainer
2026-07-27T16:10:49.309+03:00  INFO 94305 --- [reconx] [           main] [] []liquibase.changelog                      : Table recon_jobs created
2026-07-27T16:10:49.309+03:00  INFO 94305 --- [reconx] [           main] [] []liquibase.changelog                      : ChangeSet db/changelog/changes/006-audit-and-recon.xml::006-create-recon-jobs::trainer ran successfully in 0ms
2026-07-27T16:10:49.310+03:00  INFO 94305 --- [reconx] [           main] [] []liquibase.ui                             : Running Changeset: db/changelog/changes/007-users-rbac.xml::007-create-users::trainer
2026-07-27T16:10:49.311+03:00  INFO 94305 --- [reconx] [           main] [] []liquibase.changelog                      : Table users created
2026-07-27T16:10:49.311+03:00  INFO 94305 --- [reconx] [           main] [] []liquibase.changelog                      : ChangeSet db/changelog/changes/007-users-rbac.xml::007-create-users::trainer ran successfully in 1ms
2026-07-27T16:10:49.312+03:00  INFO 94305 --- [reconx] [           main] [] []liquibase.ui                             : Running Changeset: db/changelog/changes/008-seed.xml::008-seed-counterparties::trainer
2026-07-27T16:10:49.313+03:00  INFO 94305 --- [reconx] [           main] [] []liquibase.statement                      : Executing JDBC DML batch was successful. 10 operations were executed, 1 individual UPDATE events were confirmed by the database.
2026-07-27T16:10:49.313+03:00  INFO 94305 --- [reconx] [           main] [] []liquibase.changelog                      : Data loaded from 'data/counterparties.csv' into table 'counterparties'
2026-07-27T16:10:49.313+03:00  INFO 94305 --- [reconx] [           main] [] []liquibase.changelog                      : ChangeSet db/changelog/changes/008-seed.xml::008-seed-counterparties::trainer ran successfully in 1ms
2026-07-27T16:10:49.314+03:00  INFO 94305 --- [reconx] [           main] [] []liquibase.ui                             : Running Changeset: db/changelog/changes/008-seed.xml::008-seed-instruments::trainer
2026-07-27T16:10:49.316+03:00  INFO 94305 --- [reconx] [           main] [] []liquibase.statement                      : Using java.sql.Types.NULL to set null value for type STRING
2026-07-27T16:10:49.316+03:00  INFO 94305 --- [reconx] [           main] [] []liquibase.statement                      : Using java.sql.Types.NULL to set null value for type STRING
2026-07-27T16:10:49.316+03:00  INFO 94305 --- [reconx] [           main] [] []liquibase.statement                      : Using java.sql.Types.NULL to set null value for type STRING
2026-07-27T16:10:49.317+03:00  INFO 94305 --- [reconx] [           main] [] []liquibase.statement                      : Executing JDBC DML batch was successful. 15 operations were executed, 1 individual UPDATE events were confirmed by the database.
2026-07-27T16:10:49.317+03:00  INFO 94305 --- [reconx] [           main] [] []liquibase.changelog                      : Data loaded from 'data/instruments.csv' into table 'instruments'
2026-07-27T16:10:49.317+03:00  INFO 94305 --- [reconx] [           main] [] []liquibase.changelog                      : ChangeSet db/changelog/changes/008-seed.xml::008-seed-instruments::trainer ran successfully in 3ms
2026-07-27T16:10:49.318+03:00  INFO 94305 --- [reconx] [           main] [] []liquibase.ui                             : Running Changeset: db/changelog/changes/008-seed.xml::008-seed-users::trainer
2026-07-27T16:10:49.318+03:00  INFO 94305 --- [reconx] [           main] [] []liquibase.changelog                      : New row inserted into users
2026-07-27T16:10:49.318+03:00  INFO 94305 --- [reconx] [           main] [] []liquibase.changelog                      : New row inserted into users
2026-07-27T16:10:49.319+03:00  INFO 94305 --- [reconx] [           main] [] []liquibase.changelog                      : New row inserted into users
2026-07-27T16:10:49.319+03:00  INFO 94305 --- [reconx] [           main] [] []liquibase.changelog                      : New row inserted into users
2026-07-27T16:10:49.319+03:00  INFO 94305 --- [reconx] [           main] [] []liquibase.changelog                      : ChangeSet db/changelog/changes/008-seed.xml::008-seed-users::trainer ran successfully in 1ms
2026-07-27T16:10:49.319+03:00  INFO 94305 --- [reconx] [           main] [] []liquibase.util                           : UPDATE SUMMARY
2026-07-27T16:10:49.320+03:00  INFO 94305 --- [reconx] [           main] [] []liquibase.util                           : Run:                         18
2026-07-27T16:10:49.320+03:00  INFO 94305 --- [reconx] [           main] [] []liquibase.util                           : Previously run:               0
2026-07-27T16:10:49.320+03:00  INFO 94305 --- [reconx] [           main] [] []liquibase.util                           : Filtered out:                 0
2026-07-27T16:10:49.320+03:00  INFO 94305 --- [reconx] [           main] [] []liquibase.util                           : -------------------------------
2026-07-27T16:10:49.320+03:00  INFO 94305 --- [reconx] [           main] [] []liquibase.util                           : Total change sets:           18
2026-07-27T16:10:49.320+03:00  INFO 94305 --- [reconx] [           main] [] []liquibase.util                           : Update summary generated
2026-07-27T16:10:49.320+03:00  INFO 94305 --- [reconx] [           main] [] []liquibase.command                        : Update command completed successfully.
2026-07-27T16:10:49.320+03:00  INFO 94305 --- [reconx] [           main] [] []liquibase.ui                             : Liquibase: Update has been successful. Rows affected: 22
2026-07-27T16:10:49.320+03:00  INFO 94305 --- [reconx] [           main] [] []liquibase.lockservice                    : Successfully released change log lock
2026-07-27T16:10:49.320+03:00  INFO 94305 --- [reconx] [           main] [] []liquibase.command                        : Command execution complete
2026-07-27T16:10:49.328+03:00  INFO 94305 --- [reconx] [           main] [] []o.hibernate.jpa.internal.util.LogHelper  : HHH000204: Processing PersistenceUnitInfo [name: default]
2026-07-27T16:10:49.330+03:00  INFO 94305 --- [reconx] [           main] [] []o.h.c.internal.RegionFactoryInitiator    : HHH000026: Second-level cache disabled
2026-07-27T16:10:49.331+03:00  INFO 94305 --- [reconx] [           main] [] []o.h.e.boot.internal.EnversServiceImpl    : Envers integration enabled? : true
2026-07-27T16:10:49.331+03:00  WARN 94305 --- [reconx] [           main] [] []org.hibernate.orm.deprecation            : HHH90000025: H2Dialect does not need to be specified explicitly using 'hibernate.dialect' (remove the property setting and it will be selected by default)
2026-07-27T16:10:49.331+03:00  INFO 94305 --- [reconx] [           main] [] []org.hibernate.orm.connections.pooling    : HHH10001005: Database info:
	Database JDBC URL [Connecting through datasource 'HikariDataSource (HikariPool-2)']
	Database driver: undefined/unknown
	Database version: 2.3.232
	Autocommit mode: undefined/unknown
	Isolation level: undefined/unknown
	Minimum pool size: undefined/unknown
	Maximum pool size: undefined/unknown
2026-07-27T16:10:49.333+03:00  INFO 94305 --- [reconx] [           main] [] []o.s.o.j.p.SpringPersistenceUnitInfo      : No LoadTimeWeaver setup: ignoring JPA class transformer
2026-07-27T16:10:49.358+03:00  INFO 94305 --- [reconx] [           main] [] []o.h.e.t.j.p.i.JtaPlatformInitiator       : HHH000489: No JTA platform available (set 'hibernate.transaction.jta.platform' to enable JTA platform integration)
2026-07-27T16:10:49.360+03:00  INFO 94305 --- [reconx] [           main] [] []j.LocalContainerEntityManagerFactoryBean : Initialized JPA EntityManagerFactory for persistence unit 'default'
2026-07-27T16:10:49.419+03:00  WARN 94305 --- [reconx] [           main] [] [].s.s.UserDetailsServiceAutoConfiguration : 

Using generated security password: e3af0160-e674-4bb1-9442-9b9cd9ad7be8

This generated password is for development use only. Your security configuration must be updated before running your application in production.

2026-07-27T16:10:49.419+03:00  INFO 94305 --- [reconx] [           main] [] []r$InitializeUserDetailsManagerConfigurer : Global AuthenticationManager configured with UserDetailsService bean with name inMemoryUserDetailsManager
2026-07-27T16:10:49.488+03:00  WARN 94305 --- [reconx] [           main] [] []i.m.c.i.b.cache.CaffeineCacheMetrics     : The cache 'instruments' is not recording statistics. No meters except 'cache.size' will be registered. Call 'Caffeine#recordStats()' prior to building the cache for metrics to be recorded.
2026-07-27T16:10:49.488+03:00  WARN 94305 --- [reconx] [           main] [] []i.m.c.i.b.cache.CaffeineCacheMetrics     : The cache 'counterparties' is not recording statistics. No meters except 'cache.size' will be registered. Call 'Caffeine#recordStats()' prior to building the cache for metrics to be recorded.
2026-07-27T16:10:49.494+03:00  INFO 94305 --- [reconx] [           main] [] []o.s.b.a.h2.H2ConsoleAutoConfiguration    : H2 console available at '/h2'. Database available at 'jdbc:h2:mem:reconx-pagination'
2026-07-27T16:10:49.500+03:00  INFO 94305 --- [reconx] [           main] [] []o.s.b.a.e.web.EndpointLinksResolver      : Exposing 5 endpoints beneath base path '/actuator'
2026-07-27T16:10:49.515+03:00  INFO 94305 --- [reconx] [           main] [] []c.d.r.service.TradeListPaginationTest    : Started TradeListPaginationTest in 0.428 seconds (process running for 6.596)
]]></system-out>
  </testcase>
  <testcase name="filtersCompose_andNullsMeanNoConstraint" classname="com.dbtraining.reconx.service.TradeListPaginationTest" time="0.02"/>
  <testcase name="counterpartyFilter_usesNestedIdPath" classname="com.dbtraining.reconx.service.TradeListPaginationTest" time="0.017"/>
  <testcase name="lastPage_isPartialWhenNotDivisible" classname="com.dbtraining.reconx.service.TradeListPaginationTest" time="0.017"/>
  <testcase name="pagesDoNotOverlap" classname="com.dbtraining.reconx.service.TradeListPaginationTest" time="0.017"/>
  <testcase name="firstPage_respectsSizeAndReportsTotals" classname="com.dbtraining.reconx.service.TradeListPaginationTest" time="0.013"/>
  <testcase name="statusFilter_narrowsTotalElements" classname="com.dbtraining.reconx.service.TradeListPaginationTest" time="0.012"/>
  <testcase name="sortByTradeDateDesc_isApplied" classname="com.dbtraining.reconx.service.TradeListPaginationTest" time="0.014"/>
</testsuite>